<?xml version="1.0" encoding="UTF-8"?>
<testsuites name="FB" time="88.713" tests="2" failures="0" errors="0">
   <testsuite name="FB" tests="2" failures="0" errors="0" time="88.713" timestamp="2020-06-20 13:00:35" hostname="admin - localhost" id="Test Suites/FB">
      <properties>
         <property name="deviceName" value=""/>
         <property name="devicePlatform" value=""/>
         <property name="logFolder" value="/Users/admin/Desktop/Katalon/katalon-start/Reports/20200620_130032/FB/20200620_130032"/>
         <property name="logFiles" value="/Users/admin/Desktop/Katalon/katalon-start/Reports/20200620_130032/FB/20200620_130032/execution0.log"/>
         <property name="attachments" value=""/>
         <property name="hostName" value="admin - localhost"/>
         <property name="os" value="Mac OS X 64bit"/>
         <property name="katalonVersion" value="7.5.5.1"/>
         <property name="browser" value="Firefox 77.0"/>
         <property name="hostAddress" value="127.0.0.1"/>
         <property name="sessionId" value="80c6dac7-dc36-974e-8880-03b1d442b6e5"/>
         <property name="seleniumVersion" value="3.141.59"/>
         <property name="proxyInformation" value="ProxyInformation { proxyOption=NO_PROXY, proxyServerType=HTTP, username=, password=********, proxyServerAddress=, proxyServerPort=0, executionList=\&quot;\&quot;, isApplyToDesiredCapabilities=true }"/>
         <property name="platform" value="Mac OS X"/>
      </properties>
      <testcase name="Test Cases/Facebook" time="65.233" classname="Test Cases/Facebook" status="PASSED">
         <system-out><![CDATA[2020-06-20 13:00:35 - [TEST_CASE][PASSED] - Test Cases/Facebook: Test Cases/Facebook

2020-06-20 13:00:36 - [TEST_STEP][PASSED] - openBrowser(""): Browser is opened with url: ''

2020-06-20 13:00:36 - [MESSAGE][INFO] - Starting 'Firefox' driver

2020-06-20 13:00:36 - [MESSAGE][INFO] - Action delay is set to 0 milliseconds

2020-06-20 13:00:41 - [MESSAGE][PASSED] - Browser is opened with url: ''

2020-06-20 13:00:41 - [TEST_STEP][PASSED] - navigateToUrl("https://www.facebook.com/"): Navigate to 'https://www.facebook.com/' successfully

2020-06-20 13:00:44 - [MESSAGE][PASSED] - Navigate to 'https://www.facebook.com/' successfully

2020-06-20 13:00:44 - [TEST_STEP][PASSED] - setText(findTestObject("Page_Facebook - ng nhp hoc ng k/input_Mt khu_email"), email): Text 'f3aqa.facebok.toborrobot@gmail.com' is set on object 'Object Repository/Page_Facebook - ng nhp hoc ng k/input_Mt khu_email'

2020-06-20 13:00:45 - [MESSAGE][PASSED] - Text 'f3aqa.facebok.toborrobot@gmail.com' is set on object 'Object Repository/Page_Facebook - ng nhp hoc ng k/input_Mt khu_email'

2020-06-20 13:00:45 - [TEST_STEP][PASSED] - setText(findTestObject("Page_Facebook - ng nhp hoc ng k/input_Mt khu_pass"), password): Text 'toborrobot@2020' is set on object 'Object Repository/Page_Facebook - ng nhp hoc ng k/input_Mt khu_pass'

2020-06-20 13:00:46 - [MESSAGE][PASSED] - Text 'toborrobot@2020' is set on object 'Object Repository/Page_Facebook - ng nhp hoc ng k/input_Mt khu_pass'

2020-06-20 13:00:46 - [TEST_STEP][PASSED] - click(findTestObject("Object Repository/Page_Facebook - ng nhp hoc ng k/input_Mt khu_u_0_4")): Object: 'Object Repository/Page_Facebook - ng nhp hoc ng k/input_Mt khu_u_0_4' is clicked on

2020-06-20 13:01:31 - [MESSAGE][INFO] - Unable to find the element located by 'By.xpath: //input[@id='u_0_4']'. Please recheck the objects properties to make sure the desired element is located. 

2020-06-20 13:01:31 - [MESSAGE][INFO] - [SMART_XPATH] Auto-trying out other XPath values in the test object.

2020-06-20 13:01:31 - [MESSAGE][INFO] - [SMART_XPATH] FAILED XPATH: '//input[@id='u_0_4']'.

2020-06-20 13:01:31 - [MESSAGE][INFO] - [SMART_XPATH] WORKING XPATH: '//label[@id='loginbutton']/input'.

2020-06-20 13:01:32 - [MESSAGE][INFO] - [SMART_XPATH] Screenshot: /Users/admin/Desktop/Katalon/katalon-start/Reports/smart_xpath/Object Repository/Page_Facebook - ng nhp hoc ng k/input_Mt khu_u_0_4_idRelative.png

2020-06-20 13:01:32 - [MESSAGE][INFO] - [SMART_XPATH] WORKING XPATH: '//label/input'.

2020-06-20 13:01:33 - [MESSAGE][INFO] - [SMART_XPATH] Screenshot: /Users/admin/Desktop/Katalon/katalon-start/Reports/smart_xpath/Object Repository/Page_Facebook - ng nhp hoc ng k/input_Mt khu_u_0_4_position.png

2020-06-20 13:01:33 - [MESSAGE][ERROR] - [SMART_XPATH] /Users/admin/Desktop/Katalon/katalon-start/Reports/smart_xpath/waiting-for-approval.json (No such file or directory)

2020-06-20 13:01:33 - [MESSAGE][ERROR] - [SMART_XPATH] /Users/admin/Desktop/Katalon/katalon-start/Reports/smart_xpath/waiting-for-approval.json does not exist or is provided by Smart XPath Plugin!

2020-06-20 13:01:33 - [MESSAGE][INFO] - [SMART_XPATH] Selected Smart XPath: '//label[@id='loginbutton']/input'.

2020-06-20 13:01:33 - [MESSAGE][INFO] - [SMART_XPATH] Continuing executing the test case!

2020-06-20 13:01:37 - [MESSAGE][PASSED] - Object: 'Object Repository/Page_Facebook - ng nhp hoc ng k/input_Mt khu_u_0_4' is clicked on

2020-06-20 13:01:37 - [TEST_STEP][PASSED] - delay(3): Delayed 3 second(s)

2020-06-20 13:01:40 - [MESSAGE][PASSED] - Delayed 3 second(s)]]></system-out>
         <system-err><![CDATA[]]></system-err>
      </testcase>
      <testcase name="Test Cases/Facebook" time="19.211" classname="Test Cases/Facebook" status="PASSED">
         <system-out><![CDATA[2020-06-20 13:01:41 - [TEST_CASE][PASSED] - Test Cases/Facebook: Test Cases/Facebook

2020-06-20 13:01:41 - [TEST_STEP][PASSED] - openBrowser(""): Browser is opened with url: ''

2020-06-20 13:01:41 - [MESSAGE][WARNING] - A browser is already opened. Closing browser and opening a new one

2020-06-20 13:01:41 - [MESSAGE][INFO] - Starting 'Firefox' driver

2020-06-20 13:01:41 - [MESSAGE][INFO] - Action delay is set to 0 milliseconds

2020-06-20 13:01:45 - [MESSAGE][PASSED] - Browser is opened with url: ''

2020-06-20 13:01:45 - [TEST_STEP][PASSED] - navigateToUrl("https://www.facebook.com/"): Navigate to 'https://www.facebook.com/' successfully

2020-06-20 13:01:50 - [MESSAGE][PASSED] - Navigate to 'https://www.facebook.com/' successfully

2020-06-20 13:01:50 - [TEST_STEP][PASSED] - setText(findTestObject("Page_Facebook - ng nhp hoc ng k/input_Mt khu_email"), email): Text 'f3aqa.facebook.yamiougnnguoimay@gmail.com' is set on object 'Object Repository/Page_Facebook - ng nhp hoc ng k/input_Mt khu_email'

2020-06-20 13:01:51 - [MESSAGE][PASSED] - Text 'f3aqa.facebook.yamiougnnguoimay@gmail.com' is set on object 'Object Repository/Page_Facebook - ng nhp hoc ng k/input_Mt khu_email'

2020-06-20 13:01:51 - [TEST_STEP][PASSED] - setText(findTestObject("Page_Facebook - ng nhp hoc ng k/input_Mt khu_pass"), password): Text 'toborrobot@2020' is set on object 'Object Repository/Page_Facebook - ng nhp hoc ng k/input_Mt khu_pass'

2020-06-20 13:01:51 - [MESSAGE][PASSED] - Text 'toborrobot@2020' is set on object 'Object Repository/Page_Facebook - ng nhp hoc ng k/input_Mt khu_pass'

2020-06-20 13:01:51 - [TEST_STEP][PASSED] - click(findTestObject("Object Repository/Page_Facebook - ng nhp hoc ng k/input_Mt khu_u_0_4")): Object: 'Object Repository/Page_Facebook - ng nhp hoc ng k/input_Mt khu_u_0_4' is clicked on

2020-06-20 13:01:57 - [MESSAGE][PASSED] - Object: 'Object Repository/Page_Facebook - ng nhp hoc ng k/input_Mt khu_u_0_4' is clicked on

2020-06-20 13:01:57 - [TEST_STEP][PASSED] - delay(3): Delayed 3 second(s)

2020-06-20 13:02:00 - [MESSAGE][PASSED] - Delayed 3 second(s)]]></system-out>
         <system-err><![CDATA[]]></system-err>
      </testcase>
      <system-out><![CDATA[2020-06-20 13:00:35 - [TEST_SUITE][PASSED] - FB: Test Cases/Facebook]]></system-out>
      <system-err><![CDATA[]]></system-err>
   </testsuite>
</testsuites>
